<?xml version="1.0" encoding="UTF-8"?>
<!-- Generated by org.testng.reporters.JUnitReportReporter -->
<testsuite hostname="DIN19000743" name="com.cg.tests.MercurySignTest" tests="1" failures="0" timestamp="4 Sep 2019 09:52:18 GMT" time="54.760" errors="0">
  <testcase name="signintest" time="54.760" classname="com.cg.tests.MercurySignTest"/>
</testsuite> <!-- com.cg.tests.MercurySignTest -->
