<?xml version="1.0" encoding="UTF-8"?>
<!-- Generated by org.testng.reporters.JUnitReportReporter -->
<testsuite hostname="DIN19000743" name="com.cg.tests.SearchPageTest" tests="2" failures="0" timestamp="29 Aug 2019 07:48:30 GMT" time="55.178" errors="0">
  <testcase name="searchtest" time="31.660" classname="com.cg.tests.SearchPageTest"/>
  <testcase name="searchtest" time="23.518" classname="com.cg.tests.SearchPageTest"/>
</testsuite> <!-- com.cg.tests.SearchPageTest -->
