<?xml version="1.0" encoding="UTF-8"?>
<!-- Generated by org.testng.reporters.JUnitReportReporter -->
<testsuite hostname="DIN19000743" name="com.cg.tests.phpdemowindowtest" tests="1" failures="0" timestamp="29 Aug 2019 07:48:30 GMT" time="16.841" errors="0">
  <testcase name="phptest" time="16.841" classname="com.cg.tests.phpdemowindowtest"/>
</testsuite> <!-- com.cg.tests.phpdemowindowtest -->
